<?xml version="1.0" encoding="UTF-8"?>
<!-- Generated by org.testng.reporters.JUnitReportReporter -->
<testsuite hostname="DESKTOP-NTJVOKJ" failures="0" tests="10" name="Runner_Files.Refer_a_friend_positive_scenarios_runner" time="55.430" errors="0" timestamp="2021-06-28T14:21:17 IST" skipped="0">
  <testcase classname="Runner_Files.Refer_a_friend_positive_scenarios_runner" name="runScenario" time="0.179"/>
  <system-out/>
  <testcase classname="Runner_Files.Refer_a_friend_positive_scenarios_runner" name="runScenario" time="9.789"/>
  <system-out/>
  <testcase classname="Runner_Files.Refer_a_friend_positive_scenarios_runner" name="runScenario" time="0.074"/>
  <system-out/>
  <testcase classname="Runner_Files.Refer_a_friend_positive_scenarios_runner" name="runScenario" time="0.289"/>
  <system-out/>
  <testcase classname="Runner_Files.Refer_a_friend_positive_scenarios_runner" name="runScenario" time="0.957"/>
  <system-out/>
  <testcase classname="Runner_Files.Refer_a_friend_positive_scenarios_runner" name="runScenario" time="2.418"/>
  <system-out/>
  <testcase classname="Runner_Files.Refer_a_friend_positive_scenarios_runner" name="runScenario" time="0.189"/>
  <system-out/>
  <testcase classname="Runner_Files.Refer_a_friend_positive_scenarios_runner" name="runScenario" time="0.150"/>
  <system-out/>
  <testcase classname="Runner_Files.Refer_a_friend_positive_scenarios_runner" name="runScenario" time="0.240"/>
  <system-out/>
  <testcase classname="Runner_Files.Refer_a_friend_positive_scenarios_runner" name="runScenario" time="41.145"/>
  <system-out/>
</testsuite> <!-- Runner_Files.Refer_a_friend_positive_scenarios_runner -->
