<?xml version="1.0" encoding="UTF-8"?>
<!-- Generated by org.testng.reporters.JUnitReportReporter -->
<testsuite hostname="DESKTOP-NTJVOKJ" failures="0" tests="24" name="Runner_Files.Your_profile_negative_scenarios_runner" time="105.556" errors="0" timestamp="2021-06-28T14:12:04 IST" skipped="0">
  <testcase classname="Runner_Files.Your_profile_negative_scenarios_runner" name="runScenario" time="0.724"/>
  <system-out/>
  <testcase classname="Runner_Files.Your_profile_negative_scenarios_runner" name="runScenario" time="1.207"/>
  <system-out/>
  <testcase classname="Runner_Files.Your_profile_negative_scenarios_runner" name="runScenario" time="1.693"/>
  <system-out/>
  <testcase classname="Runner_Files.Your_profile_negative_scenarios_runner" name="runScenario" time="1.103"/>
  <system-out/>
  <testcase classname="Runner_Files.Your_profile_negative_scenarios_runner" name="runScenario" time="1.291"/>
  <system-out/>
  <testcase classname="Runner_Files.Your_profile_negative_scenarios_runner" name="runScenario" time="10.004"/>
  <system-out/>
  <testcase classname="Runner_Files.Your_profile_negative_scenarios_runner" name="runScenario" time="3.727"/>
  <system-out/>
  <testcase classname="Runner_Files.Your_profile_negative_scenarios_runner" name="runScenario" time="0.757"/>
  <system-out/>
  <testcase classname="Runner_Files.Your_profile_negative_scenarios_runner" name="runScenario" time="0.861"/>
  <system-out/>
  <testcase classname="Runner_Files.Your_profile_negative_scenarios_runner" name="runScenario" time="2.170"/>
  <system-out/>
  <testcase classname="Runner_Files.Your_profile_negative_scenarios_runner" name="runScenario" time="1.590"/>
  <system-out/>
  <testcase classname="Runner_Files.Your_profile_negative_scenarios_runner" name="runScenario" time="1.665"/>
  <system-out/>
  <testcase classname="Runner_Files.Your_profile_negative_scenarios_runner" name="runScenario" time="1.542"/>
  <system-out/>
  <testcase classname="Runner_Files.Your_profile_negative_scenarios_runner" name="runScenario" time="2.341"/>
  <system-out/>
  <testcase classname="Runner_Files.Your_profile_negative_scenarios_runner" name="runScenario" time="0.967"/>
  <system-out/>
  <testcase classname="Runner_Files.Your_profile_negative_scenarios_runner" name="runScenario" time="10.042"/>
  <system-out/>
  <testcase classname="Runner_Files.Your_profile_negative_scenarios_runner" name="runScenario" time="1.283"/>
  <system-out/>
  <testcase classname="Runner_Files.Your_profile_negative_scenarios_runner" name="runScenario" time="0.797"/>
  <system-out/>
  <testcase classname="Runner_Files.Your_profile_negative_scenarios_runner" name="runScenario" time="12.730"/>
  <system-out/>
  <testcase classname="Runner_Files.Your_profile_negative_scenarios_runner" name="runScenario" time="46.683"/>
  <system-out/>
  <testcase classname="Runner_Files.Your_profile_negative_scenarios_runner" name="runScenario" time="0.885"/>
  <system-out/>
  <testcase classname="Runner_Files.Your_profile_negative_scenarios_runner" name="runScenario" time="0.107"/>
  <system-out/>
  <testcase classname="Runner_Files.Your_profile_negative_scenarios_runner" name="runScenario" time="0.876"/>
  <system-out/>
  <testcase classname="Runner_Files.Your_profile_negative_scenarios_runner" name="runScenario" time="0.511"/>
  <system-out/>
</testsuite> <!-- Runner_Files.Your_profile_negative_scenarios_runner -->
