<?xml version="1.0" encoding="UTF-8"?>
<!-- Generated by org.testng.reporters.JUnitReportReporter -->
<testsuite hostname="DESKTOP-NTJVOKJ" failures="0" tests="8" name="Runner_Files.Bills_positive_scenarios_runner" time="43.384" errors="0" timestamp="2021-06-28T15:47:24 IST" skipped="0">
  <testcase classname="Runner_Files.Bills_positive_scenarios_runner" name="runScenario" time="1.376"/>
  <system-out/>
  <testcase classname="Runner_Files.Bills_positive_scenarios_runner" name="runScenario" time="35.368"/>
  <system-out/>
  <testcase classname="Runner_Files.Bills_positive_scenarios_runner" name="runScenario" time="0.668"/>
  <system-out/>
  <testcase classname="Runner_Files.Bills_positive_scenarios_runner" name="runScenario" time="0.795"/>
  <system-out/>
  <testcase classname="Runner_Files.Bills_positive_scenarios_runner" name="runScenario" time="3.234"/>
  <system-out/>
  <testcase classname="Runner_Files.Bills_positive_scenarios_runner" name="runScenario" time="1.084"/>
  <system-out/>
  <testcase classname="Runner_Files.Bills_positive_scenarios_runner" name="runScenario" time="0.319"/>
  <system-out/>
  <testcase classname="Runner_Files.Bills_positive_scenarios_runner" name="runScenario" time="0.540"/>
  <system-out/>
</testsuite> <!-- Runner_Files.Bills_positive_scenarios_runner -->
