<?xml version="1.0" encoding="UTF-8"?>
<!-- Generated by org.testng.reporters.JUnitReportReporter -->
<testsuite hostname="DESKTOP-NTJVOKJ" failures="0" tests="10" name="Runner_Files.Signup_negative_scenarios_runner" time="223.212" errors="0" timestamp="2021-06-28T12:29:06 IST" skipped="0">
  <testcase classname="Runner_Files.Signup_negative_scenarios_runner" name="runScenario" time="9.477"/>
  <system-out/>
  <testcase classname="Runner_Files.Signup_negative_scenarios_runner" name="runScenario" time="9.755"/>
  <system-out/>
  <testcase classname="Runner_Files.Signup_negative_scenarios_runner" name="runScenario" time="10.602"/>
  <system-out/>
  <testcase classname="Runner_Files.Signup_negative_scenarios_runner" name="runScenario" time="10.711"/>
  <system-out/>
  <testcase classname="Runner_Files.Signup_negative_scenarios_runner" name="runScenario" time="13.458"/>
  <system-out/>
  <testcase classname="Runner_Files.Signup_negative_scenarios_runner" name="runScenario" time="38.287"/>
  <system-out/>
  <testcase classname="Runner_Files.Signup_negative_scenarios_runner" name="runScenario" time="16.243"/>
  <system-out/>
  <testcase classname="Runner_Files.Signup_negative_scenarios_runner" name="runScenario" time="77.999"/>
  <system-out/>
  <testcase classname="Runner_Files.Signup_negative_scenarios_runner" name="runScenario" time="18.647"/>
  <system-out/>
  <testcase classname="Runner_Files.Signup_negative_scenarios_runner" name="runScenario" time="18.033"/>
  <system-out/>
</testsuite> <!-- Runner_Files.Signup_negative_scenarios_runner -->
