<?xml version="1.0" encoding="UTF-8"?>
<!-- Generated by org.testng.reporters.JUnitReportReporter -->
<testsuite hostname="DESKTOP-NTJVOKJ" failures="0" tests="9" name="Runner_Files.Request_second_opinion_positive_scenarios_runner" time="55.910" errors="0" timestamp="2021-06-28T16:57:47 IST" skipped="0">
  <testcase classname="Runner_Files.Request_second_opinion_positive_scenarios_runner" name="runScenario" time="22.474"/>
  <system-out/>
  <testcase classname="Runner_Files.Request_second_opinion_positive_scenarios_runner" name="runScenario" time="0.378"/>
  <system-out/>
  <testcase classname="Runner_Files.Request_second_opinion_positive_scenarios_runner" name="runScenario" time="32.427"/>
  <system-out/>
  <testcase classname="Runner_Files.Request_second_opinion_positive_scenarios_runner" name="runScenario" time="0.010"/>
  <system-out/>
  <testcase classname="Runner_Files.Request_second_opinion_positive_scenarios_runner" name="runScenario" time="0.583"/>
  <system-out/>
  <testcase classname="Runner_Files.Request_second_opinion_positive_scenarios_runner" name="runScenario" time="0.009"/>
  <system-out/>
  <testcase classname="Runner_Files.Request_second_opinion_positive_scenarios_runner" name="runScenario" time="0.013"/>
  <system-out/>
  <testcase classname="Runner_Files.Request_second_opinion_positive_scenarios_runner" name="runScenario" time="0.010"/>
  <system-out/>
  <testcase classname="Runner_Files.Request_second_opinion_positive_scenarios_runner" name="runScenario" time="0.006"/>
  <system-out/>
</testsuite> <!-- Runner_Files.Request_second_opinion_positive_scenarios_runner -->
