<?xml version="1.0" encoding="UTF-8"?>
<!-- Generated by org.testng.reporters.JUnitReportReporter -->
<testsuite hostname="DESKTOP-NTJVOKJ" failures="0" tests="6" name="Runner_Files.Utilities_negative_scenarios_runner" time="72.735" errors="0" timestamp="2021-06-28T14:04:05 IST" skipped="0">
  <testcase classname="Runner_Files.Utilities_negative_scenarios_runner" name="runScenario" time="1.826"/>
  <system-out/>
  <testcase classname="Runner_Files.Utilities_negative_scenarios_runner" name="runScenario" time="50.524"/>
  <system-out/>
  <testcase classname="Runner_Files.Utilities_negative_scenarios_runner" name="runScenario" time="2.764"/>
  <system-out/>
  <testcase classname="Runner_Files.Utilities_negative_scenarios_runner" name="runScenario" time="2.715"/>
  <system-out/>
  <testcase classname="Runner_Files.Utilities_negative_scenarios_runner" name="runScenario" time="2.614"/>
  <system-out/>
  <testcase classname="Runner_Files.Utilities_negative_scenarios_runner" name="runScenario" time="12.292"/>
  <system-out/>
</testsuite> <!-- Runner_Files.Utilities_negative_scenarios_runner -->
