<?xml version="1.0" encoding="UTF-8"?>
<!-- Generated by org.testng.reporters.JUnitReportReporter -->
<testsuite hostname="DESKTOP-NTJVOKJ" failures="0" tests="9" name="Runner_Files.Second_opinion_dashboard_positive_scenarios_runner" time="50.823" errors="0" timestamp="2021-06-28T16:55:46 IST" skipped="0">
  <testcase classname="Runner_Files.Second_opinion_dashboard_positive_scenarios_runner" name="runScenario" time="11.911"/>
  <system-out/>
  <testcase classname="Runner_Files.Second_opinion_dashboard_positive_scenarios_runner" name="runScenario" time="37.732"/>
  <system-out/>
  <testcase classname="Runner_Files.Second_opinion_dashboard_positive_scenarios_runner" name="runScenario" time="0.012"/>
  <system-out/>
  <testcase classname="Runner_Files.Second_opinion_dashboard_positive_scenarios_runner" name="runScenario" time="0.014"/>
  <system-out/>
  <testcase classname="Runner_Files.Second_opinion_dashboard_positive_scenarios_runner" name="runScenario" time="0.702"/>
  <system-out/>
  <testcase classname="Runner_Files.Second_opinion_dashboard_positive_scenarios_runner" name="runScenario" time="0.415"/>
  <system-out/>
  <testcase classname="Runner_Files.Second_opinion_dashboard_positive_scenarios_runner" name="runScenario" time="0.015"/>
  <system-out/>
  <testcase classname="Runner_Files.Second_opinion_dashboard_positive_scenarios_runner" name="runScenario" time="0.014"/>
  <system-out/>
  <testcase classname="Runner_Files.Second_opinion_dashboard_positive_scenarios_runner" name="runScenario" time="0.008"/>
  <system-out/>
</testsuite> <!-- Runner_Files.Second_opinion_dashboard_positive_scenarios_runner -->
