<?xml version="1.0" encoding="UTF-8"?>
<!-- Generated by org.testng.reporters.JUnitReportReporter -->
<testsuite hostname="DESKTOP-NTJVOKJ" failures="0" tests="6" name="Runner_Files.Utilities_positive_scenarios_runner" time="70.199" errors="0" timestamp="2021-06-29T11:38:09 IST" skipped="0">
  <testcase classname="Runner_Files.Utilities_positive_scenarios_runner" name="runScenario" time="8.336"/>
  <system-out/>
  <testcase classname="Runner_Files.Utilities_positive_scenarios_runner" name="runScenario" time="4.228"/>
  <system-out/>
  <testcase classname="Runner_Files.Utilities_positive_scenarios_runner" name="runScenario" time="3.125"/>
  <system-out/>
  <testcase classname="Runner_Files.Utilities_positive_scenarios_runner" name="runScenario" time="0.715"/>
  <system-out/>
  <testcase classname="Runner_Files.Utilities_positive_scenarios_runner" name="runScenario" time="44.409"/>
  <system-out/>
  <testcase classname="Runner_Files.Utilities_positive_scenarios_runner" name="runScenario" time="9.386"/>
  <system-out/>
</testsuite> <!-- Runner_Files.Utilities_positive_scenarios_runner -->
