<?xml version="1.0" encoding="UTF-8"?>
<!-- Generated by org.testng.reporters.JUnitReportReporter -->
<testsuite hostname="DESKTOP-NTJVOKJ" failures="0" tests="13" name="Runner_Files.Your_profile_positive_scenarios_runner" time="76.731" errors="0" timestamp="2021-06-30T10:33:54 IST" skipped="0">
  <testcase classname="Runner_Files.Your_profile_positive_scenarios_runner" name="runScenario" time="0.021"/>
  <system-out/>
  <testcase classname="Runner_Files.Your_profile_positive_scenarios_runner" name="runScenario" time="6.930"/>
  <system-out/>
  <testcase classname="Runner_Files.Your_profile_positive_scenarios_runner" name="runScenario" time="0.563"/>
  <system-out/>
  <testcase classname="Runner_Files.Your_profile_positive_scenarios_runner" name="runScenario" time="0.038"/>
  <system-out/>
  <testcase classname="Runner_Files.Your_profile_positive_scenarios_runner" name="runScenario" time="0.041"/>
  <system-out/>
  <testcase classname="Runner_Files.Your_profile_positive_scenarios_runner" name="runScenario" time="0.028"/>
  <system-out/>
  <testcase classname="Runner_Files.Your_profile_positive_scenarios_runner" name="runScenario" time="1.687"/>
  <system-out/>
  <testcase classname="Runner_Files.Your_profile_positive_scenarios_runner" name="runScenario" time="0.043"/>
  <system-out/>
  <testcase classname="Runner_Files.Your_profile_positive_scenarios_runner" name="runScenario" time="0.028"/>
  <system-out/>
  <testcase classname="Runner_Files.Your_profile_positive_scenarios_runner" name="runScenario" time="58.269"/>
  <system-out/>
  <testcase classname="Runner_Files.Your_profile_positive_scenarios_runner" name="runScenario" time="0.024"/>
  <system-out/>
  <testcase classname="Runner_Files.Your_profile_positive_scenarios_runner" name="runScenario" time="9.036"/>
  <system-out/>
  <testcase classname="Runner_Files.Your_profile_positive_scenarios_runner" name="runScenario" time="0.023"/>
  <system-out/>
</testsuite> <!-- Runner_Files.Your_profile_positive_scenarios_runner -->
