<?xml version="1.0" encoding="UTF-8"?>
<!-- Generated by org.testng.reporters.JUnitReportReporter -->
<testsuite hostname="DESKTOP-NTJVOKJ" failures="0" tests="16" name="Runner_Files.Request_second_opinion_negative_scenarios_runner" time="103.031" errors="0" timestamp="2021-06-28T13:53:00 IST" skipped="0">
  <testcase classname="Runner_Files.Request_second_opinion_negative_scenarios_runner" name="runScenario" time="14.728"/>
  <system-out/>
  <testcase classname="Runner_Files.Request_second_opinion_negative_scenarios_runner" name="runScenario" time="0.806"/>
  <system-out/>
  <testcase classname="Runner_Files.Request_second_opinion_negative_scenarios_runner" name="runScenario" time="0.012"/>
  <system-out/>
  <testcase classname="Runner_Files.Request_second_opinion_negative_scenarios_runner" name="runScenario" time="0.329"/>
  <system-out/>
  <testcase classname="Runner_Files.Request_second_opinion_negative_scenarios_runner" name="runScenario" time="9.451"/>
  <system-out/>
  <testcase classname="Runner_Files.Request_second_opinion_negative_scenarios_runner" name="runScenario" time="0.484"/>
  <system-out/>
  <testcase classname="Runner_Files.Request_second_opinion_negative_scenarios_runner" name="runScenario" time="9.116"/>
  <system-out/>
  <testcase classname="Runner_Files.Request_second_opinion_negative_scenarios_runner" name="runScenario" time="15.270"/>
  <system-out/>
  <testcase classname="Runner_Files.Request_second_opinion_negative_scenarios_runner" name="runScenario" time="0.199"/>
  <system-out/>
  <testcase classname="Runner_Files.Request_second_opinion_negative_scenarios_runner" name="runScenario" time="0.013"/>
  <system-out/>
  <testcase classname="Runner_Files.Request_second_opinion_negative_scenarios_runner" name="runScenario" time="0.015"/>
  <system-out/>
  <testcase classname="Runner_Files.Request_second_opinion_negative_scenarios_runner" name="runScenario" time="2.299"/>
  <system-out/>
  <testcase classname="Runner_Files.Request_second_opinion_negative_scenarios_runner" name="runScenario" time="32.068"/>
  <system-out/>
  <testcase classname="Runner_Files.Request_second_opinion_negative_scenarios_runner" name="runScenario" time="0.213"/>
  <system-out/>
  <testcase classname="Runner_Files.Request_second_opinion_negative_scenarios_runner" name="runScenario" time="9.026"/>
  <system-out/>
  <testcase classname="Runner_Files.Request_second_opinion_negative_scenarios_runner" name="runScenario" time="9.002"/>
  <system-out/>
</testsuite> <!-- Runner_Files.Request_second_opinion_negative_scenarios_runner -->
